<?xml version="1.0" encoding="UTF-8"?>
<!-- Generated by org.testng.reporters.JUnitReportReporter -->
<testsuite hostname="LAPTOP-SMVUHHBA" failures="0" tests="1" name="testCases.TC001_GoToSite" time="47.353" errors="0" timestamp="2022-10-23T06:33:11 BDT" skipped="0">
  <testcase classname="testCases.TC001_GoToSite" name="goToSite" time="47.353"/>
  <system-out/>
</testsuite> <!-- testCases.TC001_GoToSite -->
