<?xml version="1.0" encoding="UTF-8"?>
<!-- Generated by org.testng.reporters.JUnitReportReporter -->
<testsuite hostname="LAPTOP-SMVUHHBA" failures="0" tests="11" name="testCases.TC001_Search" time="45.701" errors="0" timestamp="2022-10-21T17:28:23 BDT" skipped="0">
  <testcase classname="testCases.TC001_Search" name="goToSite" time="2.673"/>
  <system-out/>
  <testcase classname="testCases.TC001_Search" name="searchAndStore" time="4.289"/>
  <system-out/>
  <testcase classname="testCases.TC001_Search" name="searchAndStore" time="4.300"/>
  <system-out/>
  <testcase classname="testCases.TC001_Search" name="searchAndStore" time="4.291"/>
  <system-out/>
  <testcase classname="testCases.TC001_Search" name="searchAndStore" time="4.296"/>
  <system-out/>
  <testcase classname="testCases.TC001_Search" name="searchAndStore" time="4.326"/>
  <system-out/>
  <testcase classname="testCases.TC001_Search" name="searchAndStore" time="4.285"/>
  <system-out/>
  <testcase classname="testCases.TC001_Search" name="searchAndStore" time="4.287"/>
  <system-out/>
  <testcase classname="testCases.TC001_Search" name="searchAndStore" time="4.299"/>
  <system-out/>
  <testcase classname="testCases.TC001_Search" name="searchAndStore" time="4.367"/>
  <system-out/>
  <testcase classname="testCases.TC001_Search" name="searchAndStore" time="4.288"/>
  <system-out/>
</testsuite> <!-- testCases.TC001_Search -->
